{
  "stats": {
    "suites": 1,
    "tests": 1,
    "passes": 0,
    "pending": 0,
    "failures": 1,
    "start": "2025-01-22T10:52:39.166Z",
    "end": "2025-01-22T10:53:00.282Z",
    "duration": 21116,
    "testsRegistered": 1,
    "passPercent": 0,
    "pendingPercent": 0,
    "other": 0,
    "hasOther": false,
    "skipped": 0,
    "hasSkipped": false
  },
  "results": [
    {
      "uuid": "1ddc15be-f2c3-4c54-b8b3-ff285af37f97",
      "title": "",
      "fullFile": "cypress\\e2e\\Regressiontest\\greencart.cy.js",
      "file": "cypress\\e2e\\Regressiontest\\greencart.cy.js",
      "beforeHooks": [],
      "afterHooks": [],
      "tests": [],
      "suites": [
        {
          "uuid": "3b3ffc9d-36d4-476f-bb8f-6f4e1833955c",
          "title": "assignment",
          "fullFile": "",
          "file": "",
          "beforeHooks": [],
          "afterHooks": [],
          "tests": [
            {
              "title": "greenncart",
              "fullTitle": "assignment greenncart",
              "timedOut": null,
              "duration": 3396,
              "state": "failed",
              "speed": null,
              "pass": false,
              "fail": true,
              "pending": false,
              "context": "{\n  \"title\": \"cypress-mochawesome-reporter-screenshots\",\n  \"value\": [\n    [\n      \"\\\\Regressiontest\\\\greencart.cy.js\\\\assignment -- greenncart (failed).png\"\n    ],\n    [\n      \"\\\\Regressiontest\\\\greencart.cy.js\\\\assignment -- greenncart (failed) (attempt 2).png\"\n    ]\n  ]\n}",
              "code": "cy.visit(\"https://greencart.org.in\");\ncy.get('[class=\"buzz-categoryimage\"]').first().click();\ncy.contains(\"Create Your Account\").click();",
              "err": {
                "message": "ReferenceError: inext_wpc_plugin_enabled is not defined",
                "estack": "ReferenceError: inext_wpc_plugin_enabled is not defined\n    at HTMLDocument.<anonymous> (https://greencart.org.in/wp-content/plugins/inext-woo-pincode-checker/assets/frontend/js/scripts.js:3:2)\n    at e (https://greencart.org.in/wp-includes/js/jquery/jquery.min.js?ver=3.7.1:2:27028)\n    at t (https://greencart.org.in/wp-includes/js/jquery/jquery.min.js?ver=3.7.1:2:27330)\n    at o (https://greencart.org.in/:3:455)\n    at https://greencart.org.in/:3:828",
                "diff": null
              },
              "uuid": "6e908119-2a5a-4ef9-ae20-deaea3086598",
              "parentUUID": "3b3ffc9d-36d4-476f-bb8f-6f4e1833955c",
              "isHook": false,
              "skipped": false
            }
          ],
          "suites": [],
          "passes": [],
          "failures": [
            "6e908119-2a5a-4ef9-ae20-deaea3086598"
          ],
          "pending": [],
          "skipped": [],
          "duration": 3396,
          "root": false,
          "rootEmpty": false,
          "_timeout": 2000
        }
      ],
      "passes": [],
      "failures": [],
      "pending": [],
      "skipped": [],
      "duration": 0,
      "root": true,
      "rootEmpty": true,
      "_timeout": 2000
    }
  ],
  "meta": {
    "mocha": {
      "version": "7.0.1"
    },
    "mochawesome": {
      "options": {
        "quiet": false,
        "reportFilename": "mochawesome",
        "saveHtml": true,
        "saveJson": true,
        "consoleReporter": "spec",
        "useInlineDiffs": false,
        "code": true
      },
      "version": "7.1.3"
    },
    "marge": {
      "options": null,
      "version": "6.2.0"
    }
  }
}